<?xml version="1.0" encoding="UTF-8"?>
<!-- Generated by org.testng.reporters.JUnitReportReporter -->
<testsuite hostname="nihar" failures="0" tests="1" name="NiharSelenium.Tests.LoginErrorMessageValidationTest" time="8.287" errors="0" timestamp="2024-01-17T15:18:50 IST" skipped="0">
  <testcase classname="NiharSelenium.Tests.LoginErrorMessageValidationTest" name="loginErrorMsgValidation" time="8.287"/>
</testsuite> <!-- NiharSelenium.Tests.LoginErrorMessageValidationTest -->
