<?xml version="1.0" encoding="UTF-8"?>
<!-- Generated by org.testng.reporters.JUnitReportReporter -->
<testsuite hostname="nihar" failures="0" tests="2" name="NiharSelenium.Tests.SubmitOrderTest" time="58.052" errors="0" timestamp="2024-04-04T15:12:01 IST" skipped="1">
  <testcase classname="NiharSelenium.Tests.SubmitOrderTest" name="submitOrder" time="58.052"/>
  <testcase classname="NiharSelenium.Tests.SubmitOrderTest" name="orderHistoryTest">
    <skipped/>
  </testcase> <!-- orderHistoryTest -->
</testsuite> <!-- NiharSelenium.Tests.SubmitOrderTest -->
