<?xml version="1.0" encoding="UTF-8"?>
<!-- Generated by org.testng.reporters.JUnitReportReporter -->
<testsuite hostname="nihar" failures="0" tests="1" name="NiharSelenium.SubmitOrderTest" time="10.168" errors="0" timestamp="2024-01-16T08:14:41 IST" skipped="0">
  <testcase classname="NiharSelenium.SubmitOrderTest" name="testing" time="10.168"/>
</testsuite> <!-- NiharSelenium.SubmitOrderTest -->
