<?xml version="1.0" encoding="UTF-8"?>
<!-- Generated by org.testng.reporters.JUnitReportReporter -->
<testsuite hostname="nihar" failures="0" tests="1" name="NiharSelenium.StandAlonetest" time="22.884" errors="0" timestamp="2024-01-11T14:50:02 IST" skipped="0">
  <testcase classname="NiharSelenium.StandAlonetest" name="testing" time="22.884"/>
</testsuite> <!-- NiharSelenium.StandAlonetest -->
