<?xml version="1.0" encoding="UTF-8"?>
<!-- Generated by org.testng.reporters.JUnitReportReporter -->
<testsuite hostname="nihar" failures="0" tests="2" name="NiharSelenium.Tests.ErrorValidationTest" time="23.353" errors="0" timestamp="2024-01-19T20:56:21 IST" skipped="0">
  <testcase classname="NiharSelenium.Tests.ErrorValidationTest" name="productErrorValidation" time="11.249"/>
  <testcase classname="NiharSelenium.Tests.ErrorValidationTest" name="loginErrorMsgValidation" time="12.104"/>
</testsuite> <!-- NiharSelenium.Tests.ErrorValidationTest -->
