<?xml version="1.0" encoding="UTF-8"?>
<!-- Generated by org.testng.reporters.JUnitReportReporter -->
<testsuite hostname="nihar" failures="0" tests="2" name="NiharSelenium.Tests.SubmitOrderTest" time="26.570" errors="0" timestamp="2024-01-19T20:56:21 IST" skipped="0">
  <testcase classname="NiharSelenium.Tests.SubmitOrderTest" name="orderHistoryTest" time="10.279"/>
  <testcase classname="NiharSelenium.Tests.SubmitOrderTest" name="submitOrder" time="16.291"/>
</testsuite> <!-- NiharSelenium.Tests.SubmitOrderTest -->
